# JRE version: OpenJDK Runtime Environment (Zulu 8.54.0.21-CA-win64) (8.0_292-b10) (build 1.8.0_292-b10)
# Java VM: OpenJDK 64-Bit Server VM (25.292-b10 mixed mode windows-amd64 compressed oops)
Heap:
 PSYoungGen      total 676352K, used 646234K [0x00000000d5580000, 0x0000000100000000, 0x0000000100000000)
  eden space 655872K, 95% used [0x00000000d5580000,0x00000000fbc4e898,0x00000000fd600000)
  from space 20480K, 81% used [0x00000000fec00000,0x00000000ffc48010,0x0000000100000000)
  to   space 21504K, 0% used [0x00000000fd600000,0x00000000fd600000,0x00000000feb00000)
 ParOldGen       total 162816K, used 24469K [0x0000000080000000, 0x0000000089f00000, 0x00000000d5580000)
  object space 162816K, 15% used [0x0000000080000000,0x00000000817e5738,0x0000000089f00000)
 Metaspace       used 37853K, capacity 39588K, committed 39936K, reserved 1083392K
  class space    used 5383K, capacity 5775K, committed 5888K, reserved 1048576K
GC Heap History (10 events):
Event: 13.393 GC heap before
{Heap before GC invocations=30 (full 2):
 PSYoungGen      total 680960K, used 680832K [0x00000000d5580000, 0x0000000100000000, 0x0000000100000000)
  eden space 668160K, 100% used [0x00000000d5580000,0x00000000fe200000,0x00000000fe200000)
  from space 12800K, 99% used [0x00000000fe200000,0x00000000fee60010,0x00000000fee80000)
  to   space 16384K, 0% used [0x00000000ff000000,0x00000000ff000000,0x0000000100000000)
 ParOldGen       total 162816K, used 21941K [0x0000000080000000, 0x0000000089f00000, 0x00000000d5580000)
  object space 162816K, 13% used [0x0000000080000000,0x000000008156d738,0x0000000089f00000)
 Metaspace       used 37852K, capacity 39588K, committed 39936K, reserved 1083392K
  class space    used 5383K, capacity 5775K, committed 5888K, reserved 1048576K
Event: 13.399 GC heap after
Heap after GC invocations=30 (full 2):
 PSYoungGen      total 680448K, used 13344K [0x00000000d5580000, 0x0000000100000000, 0x0000000100000000)
  eden space 664064K, 0% used [0x00000000d5580000,0x00000000d5580000,0x00000000fde00000)
  from space 16384K, 81% used [0x00000000ff000000,0x00000000ffd08010,0x0000000100000000)
  to   space 17408K, 0% used [0x00000000fde00000,0x00000000fde00000,0x00000000fef00000)
 ParOldGen       total 162816K, used 22397K [0x0000000080000000, 0x0000000089f00000, 0x00000000d5580000)
  object space 162816K, 13% used [0x0000000080000000,0x00000000815df738,0x0000000089f00000)
 Metaspace       used 37852K, capacity 39588K, committed 39936K, reserved 1083392K
  class space    used 5383K, capacity 5775K, committed 5888K, reserved 1048576K
}
Event: 13.687 GC heap before
{Heap before GC invocations=31 (full 2):
 PSYoungGen      total 680448K, used 677408K [0x00000000d5580000, 0x0000000100000000, 0x0000000100000000)
  eden space 664064K, 100% used [0x00000000d5580000,0x00000000fde00000,0x00000000fde00000)
  from space 16384K, 81% used [0x00000000ff000000,0x00000000ffd08010,0x0000000100000000)
  to   space 17408K, 0% used [0x00000000fde00000,0x00000000fde00000,0x00000000fef00000)
 ParOldGen       total 162816K, used 22397K [0x0000000080000000, 0x0000000089f00000, 0x00000000d5580000)
  object space 162816K, 13% used [0x0000000080000000,0x00000000815df738,0x0000000089f00000)
 Metaspace       used 37852K, capacity 39588K, committed 39936K, reserved 1083392K
  class space    used 5383K, capacity 5775K, committed 5888K, reserved 1048576K
Event: 13.694 GC heap after
Heap after GC invocations=31 (full 2):
 PSYoungGen      total 678400K, used 13840K [0x00000000d5580000, 0x0000000100000000, 0x0000000100000000)
  eden space 664064K, 0% used [0x00000000d5580000,0x00000000d5580000,0x00000000fde00000)
  from space 14336K, 96% used [0x00000000fde00000,0x00000000feb84020,0x00000000fec00000)
  to   space 17920K, 0% used [0x00000000fee80000,0x00000000fee80000,0x0000000100000000)
 ParOldGen       total 162816K, used 22885K [0x0000000080000000, 0x0000000089f00000, 0x00000000d5580000)
  object space 162816K, 14% used [0x0000000080000000,0x0000000081659738,0x0000000089f00000)
 Metaspace       used 37852K, capacity 39588K, committed 39936K, reserved 1083392K
  class space    used 5383K, capacity 5775K, committed 5888K, reserved 1048576K
}
Event: 14.079 GC heap before
{Heap before GC invocations=32 (full 2):
 PSYoungGen      total 678400K, used 677904K [0x00000000d5580000, 0x0000000100000000, 0x0000000100000000)
  eden space 664064K, 100% used [0x00000000d5580000,0x00000000fde00000,0x00000000fde00000)
  from space 14336K, 96% used [0x00000000fde00000,0x00000000feb84020,0x00000000fec00000)
  to   space 17920K, 0% used [0x00000000fee80000,0x00000000fee80000,0x0000000100000000)
 ParOldGen       total 162816K, used 22885K [0x0000000080000000, 0x0000000089f00000, 0x00000000d5580000)
  object space 162816K, 14% used [0x0000000080000000,0x0000000081659738,0x0000000089f00000)
 Metaspace       used 37852K, capacity 39588K, committed 39936K, reserved 1083392K
  class space    used 5383K, capacity 5775K, committed 5888K, reserved 1048576K
Event: 14.086 GC heap after
Heap after GC invocations=32 (full 2):
 PSYoungGen      total 678912K, used 14689K [0x00000000d5580000, 0x0000000100000000, 0x0000000100000000)
  eden space 660992K, 0% used [0x00000000d5580000,0x00000000d5580000,0x00000000fdb00000)
  from space 17920K, 81% used [0x00000000fee80000,0x00000000ffcd8748,0x0000000100000000)
  to   space 18944K, 0% used [0x00000000fdb00000,0x00000000fdb00000,0x00000000fed80000)
 ParOldGen       total 162816K, used 23429K [0x0000000080000000, 0x0000000089f00000, 0x00000000d5580000)
  object space 162816K, 14% used [0x0000000080000000,0x00000000816e1738,0x0000000089f00000)
 Metaspace       used 37852K, capacity 39588K, committed 39936K, reserved 1083392K
  class space    used 5383K, capacity 5775K, committed 5888K, reserved 1048576K
}
Event: 14.508 GC heap before
{Heap before GC invocations=33 (full 2):
 PSYoungGen      total 678912K, used 675681K [0x00000000d5580000, 0x0000000100000000, 0x0000000100000000)
  eden space 660992K, 100% used [0x00000000d5580000,0x00000000fdb00000,0x00000000fdb00000)
  from space 17920K, 81% used [0x00000000fee80000,0x00000000ffcd8748,0x0000000100000000)
  to   space 18944K, 0% used [0x00000000fdb00000,0x00000000fdb00000,0x00000000fed80000)
 ParOldGen       total 162816K, used 23429K [0x0000000080000000, 0x0000000089f00000, 0x00000000d5580000)
  object space 162816K, 14% used [0x0000000080000000,0x00000000816e1738,0x0000000089f00000)
 Metaspace       used 37852K, capacity 39588K, committed 39936K, reserved 1083392K
  class space    used 5383K, capacity 5775K, committed 5888K, reserved 1048576K
Event: 14.519 GC heap after
Heap after GC invocations=33 (full 2):
 PSYoungGen      total 676864K, used 15776K [0x00000000d5580000, 0x0000000100000000, 0x0000000100000000)
  eden space 660992K, 0% used [0x00000000d5580000,0x00000000d5580000,0x00000000fdb00000)
  from space 15872K, 99% used [0x00000000fdb00000,0x00000000fea68010,0x00000000fea80000)
  to   space 20480K, 0% used [0x00000000fec00000,0x00000000fec00000,0x0000000100000000)
 ParOldGen       total 162816K, used 23933K [0x0000000080000000, 0x0000000089f00000, 0x00000000d5580000)
  object space 162816K, 14% used [0x0000000080000000,0x000000008175f738,0x0000000089f00000)
 Metaspace       used 37852K, capacity 39588K, committed 39936K, reserved 1083392K
  class space    used 5383K, capacity 5775K, committed 5888K, reserved 1048576K
}
Event: 14.979 GC heap before
{Heap before GC invocations=34 (full 2):
 PSYoungGen      total 676864K, used 676768K [0x00000000d5580000, 0x0000000100000000, 0x0000000100000000)
  eden space 660992K, 100% used [0x00000000d5580000,0x00000000fdb00000,0x00000000fdb00000)
  from space 15872K, 99% used [0x00000000fdb00000,0x00000000fea68010,0x00000000fea80000)
  to   space 20480K, 0% used [0x00000000fec00000,0x00000000fec00000,0x0000000100000000)
 ParOldGen       total 162816K, used 23933K [0x0000000080000000, 0x0000000089f00000, 0x00000000d5580000)
  object space 162816K, 14% used [0x0000000080000000,0x000000008175f738,0x0000000089f00000)
 Metaspace       used 37852K, capacity 39588K, committed 39936K, reserved 1083392K
  class space    used 5383K, capacity 5775K, committed 5888K, reserved 1048576K
Event: 14.988 GC heap after
Heap after GC invocations=34 (full 2):
 PSYoungGen      total 676352K, used 16672K [0x00000000d5580000, 0x0000000100000000, 0x0000000100000000)
  eden space 655872K, 0% used [0x00000000d5580000,0x00000000d5580000,0x00000000fd600000)
  from space 20480K, 81% used [0x00000000fec00000,0x00000000ffc48010,0x0000000100000000)
  to   space 21504K, 0% used [0x00000000fd600000,0x00000000fd600000,0x00000000feb00000)
 ParOldGen       total 162816K, used 24469K [0x0000000080000000, 0x0000000089f00000, 0x00000000d5580000)
  object space 162816K, 15% used [0x0000000080000000,0x00000000817e5738,0x0000000089f00000)
 Metaspace       used 37852K, capacity 39588K, committed 39936K, reserved 1083392K
  class space    used 5383K, capacity 5775K, committed 5888K, reserved 1048576K
}

