# JRE version: OpenJDK Runtime Environment (Zulu 8.54.0.21-CA-win64) (8.0_292-b10) (build 1.8.0_292-b10)
# Java VM: OpenJDK 64-Bit Server VM (25.292-b10 mixed mode windows-amd64 compressed oops)
Heap:
 PSYoungGen      total 212992K, used 62409K [0x00000000d5580000, 0x00000000e6580000, 0x0000000100000000)
  eden space 201216K, 29% used [0x00000000d5580000,0x00000000d8fd2778,0x00000000e1a00000)
  from space 11776K, 22% used [0x00000000e1a00000,0x00000000e1ca0010,0x00000000e2580000)
  to   space 13312K, 0% used [0x00000000e5880000,0x00000000e5880000,0x00000000e6580000)
 ParOldGen       total 161280K, used 15964K [0x0000000080000000, 0x0000000089d80000, 0x00000000d5580000)
  object space 161280K, 9% used [0x0000000080000000,0x0000000080f973e8,0x0000000089d80000)
 Metaspace       used 37814K, capacity 39592K, committed 39936K, reserved 1083392K
  class space    used 5374K, capacity 5775K, committed 5888K, reserved 1048576K
GC Heap History (10 events):
Event: 3.148 GC heap before
{Heap before GC invocations=7 (full 1):
 PSYoungGen      total 140800K, used 42831K [0x00000000d5580000, 0x00000000e3180000, 0x0000000100000000)
  eden space 130048K, 25% used [0x00000000d5580000,0x00000000d75c3640,0x00000000dd480000)
  from space 10752K, 91% used [0x00000000dd480000,0x00000000dde108f8,0x00000000ddf00000)
  to   space 12288K, 0% used [0x00000000e2580000,0x00000000e2580000,0x00000000e3180000)
 ParOldGen       total 103424K, used 9191K [0x0000000080000000, 0x0000000086500000, 0x00000000d5580000)
  object space 103424K, 8% used [0x0000000080000000,0x00000000808f9db0,0x0000000086500000)
 Metaspace       used 33691K, capacity 35322K, committed 35456K, reserved 1079296K
  class space    used 4863K, capacity 5234K, committed 5248K, reserved 1048576K
Event: 3.156 GC heap after
Heap after GC invocations=7 (full 1):
 PSYoungGen      total 213504K, used 9103K [0x00000000d5580000, 0x00000000e3900000, 0x0000000100000000)
  eden space 201216K, 0% used [0x00000000d5580000,0x00000000d5580000,0x00000000e1a00000)
  from space 12288K, 74% used [0x00000000e2580000,0x00000000e2e63d70,0x00000000e3180000)
  to   space 11776K, 0% used [0x00000000e1a00000,0x00000000e1a00000,0x00000000e2580000)
 ParOldGen       total 103424K, used 9199K [0x0000000080000000, 0x0000000086500000, 0x00000000d5580000)
  object space 103424K, 8% used [0x0000000080000000,0x00000000808fbdb0,0x0000000086500000)
 Metaspace       used 33691K, capacity 35322K, committed 35456K, reserved 1079296K
  class space    used 4863K, capacity 5234K, committed 5248K, reserved 1048576K
}
Event: 3.156 GC heap before
{Heap before GC invocations=8 (full 2):
 PSYoungGen      total 213504K, used 9103K [0x00000000d5580000, 0x00000000e3900000, 0x0000000100000000)
  eden space 201216K, 0% used [0x00000000d5580000,0x00000000d5580000,0x00000000e1a00000)
  from space 12288K, 74% used [0x00000000e2580000,0x00000000e2e63d70,0x00000000e3180000)
  to   space 11776K, 0% used [0x00000000e1a00000,0x00000000e1a00000,0x00000000e2580000)
 ParOldGen       total 103424K, used 9199K [0x0000000080000000, 0x0000000086500000, 0x00000000d5580000)
  object space 103424K, 8% used [0x0000000080000000,0x00000000808fbdb0,0x0000000086500000)
 Metaspace       used 33691K, capacity 35322K, committed 35456K, reserved 1079296K
  class space    used 4863K, capacity 5234K, committed 5248K, reserved 1048576K
Event: 3.185 GC heap after
Heap after GC invocations=8 (full 2):
 PSYoungGen      total 213504K, used 0K [0x00000000d5580000, 0x00000000e3900000, 0x0000000100000000)
  eden space 201216K, 0% used [0x00000000d5580000,0x00000000d5580000,0x00000000e1a00000)
  from space 12288K, 0% used [0x00000000e2580000,0x00000000e2580000,0x00000000e3180000)
  to   space 11776K, 0% used [0x00000000e1a00000,0x00000000e1a00000,0x00000000e2580000)
 ParOldGen       total 161280K, used 15940K [0x0000000080000000, 0x0000000089d80000, 0x00000000d5580000)
  object space 161280K, 9% used [0x0000000080000000,0x0000000080f913e8,0x0000000089d80000)
 Metaspace       used 33667K, capacity 35244K, committed 35456K, reserved 1079296K
  class space    used 4855K, capacity 5221K, committed 5248K, reserved 1048576K
}
Event: 5.518 GC heap before
{Heap before GC invocations=9 (full 2):
 PSYoungGen      total 213504K, used 201216K [0x00000000d5580000, 0x00000000e3900000, 0x0000000100000000)
  eden space 201216K, 100% used [0x00000000d5580000,0x00000000e1a00000,0x00000000e1a00000)
  from space 12288K, 0% used [0x00000000e2580000,0x00000000e2580000,0x00000000e3180000)
  to   space 11776K, 0% used [0x00000000e1a00000,0x00000000e1a00000,0x00000000e2580000)
 ParOldGen       total 161280K, used 15940K [0x0000000080000000, 0x0000000089d80000, 0x00000000d5580000)
  object space 161280K, 9% used [0x0000000080000000,0x0000000080f913e8,0x0000000089d80000)
 Metaspace       used 37723K, capacity 39528K, committed 39680K, reserved 1083392K
  class space    used 5374K, capacity 5775K, committed 5888K, reserved 1048576K
Event: 5.523 GC heap after
Heap after GC invocations=9 (full 2):
 PSYoungGen      total 212992K, used 5283K [0x00000000d5580000, 0x00000000e3900000, 0x0000000100000000)
  eden space 201216K, 0% used [0x00000000d5580000,0x00000000d5580000,0x00000000e1a00000)
  from space 11776K, 44% used [0x00000000e1a00000,0x00000000e1f28e00,0x00000000e2580000)
  to   space 12288K, 0% used [0x00000000e2580000,0x00000000e2580000,0x00000000e3180000)
 ParOldGen       total 161280K, used 15948K [0x0000000080000000, 0x0000000089d80000, 0x00000000d5580000)
  object space 161280K, 9% used [0x0000000080000000,0x0000000080f933e8,0x0000000089d80000)
 Metaspace       used 37723K, capacity 39528K, committed 39680K, reserved 1083392K
  class space    used 5374K, capacity 5775K, committed 5888K, reserved 1048576K
}
Event: 5.680 GC heap before
{Heap before GC invocations=10 (full 2):
 PSYoungGen      total 212992K, used 206499K [0x00000000d5580000, 0x00000000e3900000, 0x0000000100000000)
  eden space 201216K, 100% used [0x00000000d5580000,0x00000000e1a00000,0x00000000e1a00000)
  from space 11776K, 44% used [0x00000000e1a00000,0x00000000e1f28e00,0x00000000e2580000)
  to   space 12288K, 0% used [0x00000000e2580000,0x00000000e2580000,0x00000000e3180000)
 ParOldGen       total 161280K, used 15948K [0x0000000080000000, 0x0000000089d80000, 0x00000000d5580000)
  object space 161280K, 9% used [0x0000000080000000,0x0000000080f933e8,0x0000000089d80000)
 Metaspace       used 37810K, capacity 39592K, committed 39936K, reserved 1083392K
  class space    used 5374K, capacity 5775K, committed 5888K, reserved 1048576K
Event: 5.683 GC heap after
Heap after GC invocations=10 (full 2):
 PSYoungGen      total 213504K, used 2304K [0x00000000d5580000, 0x00000000e3900000, 0x0000000100000000)
  eden space 201216K, 0% used [0x00000000d5580000,0x00000000d5580000,0x00000000e1a00000)
  from space 12288K, 18% used [0x00000000e2580000,0x00000000e27c0010,0x00000000e3180000)
  to   space 11776K, 0% used [0x00000000e1a00000,0x00000000e1a00000,0x00000000e2580000)
 ParOldGen       total 161280K, used 15956K [0x0000000080000000, 0x0000000089d80000, 0x00000000d5580000)
  object space 161280K, 9% used [0x0000000080000000,0x0000000080f953e8,0x0000000089d80000)
 Metaspace       used 37810K, capacity 39592K, committed 39936K, reserved 1083392K
  class space    used 5374K, capacity 5775K, committed 5888K, reserved 1048576K
}
Event: 5.840 GC heap before
{Heap before GC invocations=11 (full 2):
 PSYoungGen      total 213504K, used 203520K [0x00000000d5580000, 0x00000000e3900000, 0x0000000100000000)
  eden space 201216K, 100% used [0x00000000d5580000,0x00000000e1a00000,0x00000000e1a00000)
  from space 12288K, 18% used [0x00000000e2580000,0x00000000e27c0010,0x00000000e3180000)
  to   space 11776K, 0% used [0x00000000e1a00000,0x00000000e1a00000,0x00000000e2580000)
 ParOldGen       total 161280K, used 15956K [0x0000000080000000, 0x0000000089d80000, 0x00000000d5580000)
  object space 161280K, 9% used [0x0000000080000000,0x0000000080f953e8,0x0000000089d80000)
 Metaspace       used 37813K, capacity 39592K, committed 39936K, reserved 1083392K
  class space    used 5374K, capacity 5775K, committed 5888K, reserved 1048576K
Event: 5.843 GC heap after
Heap after GC invocations=11 (full 2):
 PSYoungGen      total 212992K, used 2688K [0x00000000d5580000, 0x00000000e6580000, 0x0000000100000000)
  eden space 201216K, 0% used [0x00000000d5580000,0x00000000d5580000,0x00000000e1a00000)
  from space 11776K, 22% used [0x00000000e1a00000,0x00000000e1ca0010,0x00000000e2580000)
  to   space 13312K, 0% used [0x00000000e5880000,0x00000000e5880000,0x00000000e6580000)
 ParOldGen       total 161280K, used 15964K [0x0000000080000000, 0x0000000089d80000, 0x00000000d5580000)
  object space 161280K, 9% used [0x0000000080000000,0x0000000080f973e8,0x0000000089d80000)
 Metaspace       used 37813K, capacity 39592K, committed 39936K, reserved 1083392K
  class space    used 5374K, capacity 5775K, committed 5888K, reserved 1048576K
}

